Arguments: 
  /usr/local/bin/node /usr/share/yarn/bin/yarn.js add express

PATH: 
  /home/rhuan/.local/bin:/usr/local/sbin:/usr/local/bin:/usr/sbin:/usr/bin:/sbin:/bin:/usr/games:/usr/local/games:/snap/bin:/home/rhuan/Android/Sdk/tools:/home/rhuan/Android/Sdk/platform-tools

Yarn version: 
  1.21.1

Node version: 
  10.16.2

Platform: 
  linux x64

Trace: 
  Error: getaddrinfo ENOTFOUND registry.yarnpkg.com registry.yarnpkg.com:443
      at GetAddrInfoReqWrap.onlookup [as oncomplete] (dns.js:56:26)

npm manifest: 
  {
    "name": "Backend",
    "version": "1.0.0",
    "main": "index.js",
    "license": "MIT"
  }

yarn manifest: 
  No manifest

Lockfile: 
  No lockfile
